<?xml version="1.0" encoding="UTF-8"?>
<!-- Generated by org.testng.reporters.JUnitReportReporter -->
<testsuite skipped="0" hostname="NYCMDLNMUHMAC.local" name="com.wordoccurrences.test.WordCountTest" tests="1" failures="0" timestamp="29 Oct 2018 22:21:33 GMT" time="10.984" errors="0">
  <testcase name="wordCountTest" time="10.984" classname="com.wordoccurrences.test.WordCountTest"/>
</testsuite> <!-- com.wordoccurrences.test.WordCountTest -->
