<?xml version="1.0" encoding="UTF-8"?>
<!-- Generated by org.testng.reporters.JUnitReportReporter -->
<testsuite skipped="0" hostname="NYCMDLNMUHMAC.local" name="com.wordoccurrences.controller.WordCountTest" tests="1" failures="0" timestamp="29 Oct 2018 22:05:43 GMT" time="18.626" errors="0">
  <testcase name="wordCount" time="18.626" classname="com.wordoccurrences.controller.WordCountTest"/>
</testsuite> <!-- com.wordoccurrences.controller.WordCountTest -->
